0 info it worked if it ends with ok
1 verbose cli [ 'C:\\Program Files\\nodejs\\node.exe',
1 verbose cli   'C:\\Program Files\\nodejs\\node_modules\\npm\\bin\\npm-cli.js',
1 verbose cli   'install',
1 verbose cli   'npm@lastest',
1 verbose cli   '-g' ]
2 info using npm@3.10.10
3 info using node@v6.11.4
4 silly loadCurrentTree Starting
5 silly install loadCurrentTree
6 silly install readGlobalPackageData
7 silly fetchPackageMetaData npm@lastest
8 silly fetchNamedPackageData npm
9 silly mapToRegistry name npm
10 silly mapToRegistry using default registry
11 silly mapToRegistry registry https://registry.npmjs.org/
12 silly mapToRegistry data Result {
12 silly mapToRegistry   raw: 'npm',
12 silly mapToRegistry   scope: null,
12 silly mapToRegistry   escapedName: 'npm',
12 silly mapToRegistry   name: 'npm',
12 silly mapToRegistry   rawSpec: '',
12 silly mapToRegistry   spec: 'latest',
12 silly mapToRegistry   type: 'tag' }
13 silly mapToRegistry uri https://registry.npmjs.org/npm
14 verbose request uri https://registry.npmjs.org/npm
15 verbose request no auth needed
16 info attempt registry request try #1 at 18:43:27
17 verbose request id 9a54d02b741e4184
18 http request GET https://registry.npmjs.org/npm
19 http 200 https://registry.npmjs.org/npm
20 verbose headers { date: 'Sat, 27 Apr 2019 16:43:17 GMT',
20 verbose headers   'content-type': 'application/json',
20 verbose headers   'transfer-encoding': 'chunked',
20 verbose headers   connection: 'keep-alive',
20 verbose headers   'set-cookie': [ '__cfduid=d8ccb754708e966fa687db41d67473dc41556383397; expires=Sun, 26-Apr-20 16:43:17 GMT; path=/; domain=.registry.npmjs.org; HttpOnly' ],
20 verbose headers   'cf-cache-status': 'HIT',
20 verbose headers   'cache-control': 'max-age=300',
20 verbose headers   'cf-ray': '4ce2412b6fdfcdbd-CDG',
20 verbose headers   etag: 'W/"f9a39a436e0bd7b6c1097cb47e09ff2e"',
20 verbose headers   'expect-ct': 'max-age=604800, report-uri="https://report-uri.cloudflare.com/cdn-cgi/beacon/expect-ct"',
20 verbose headers   'last-modified': 'Fri, 22 Mar 2019 12:47:10 GMT',
20 verbose headers   vary: 'accept-encoding, accept',
20 verbose headers   'x-amz-meta-rev': '2039-9b587745472c1d6d97ba88d8b6a963df',
20 verbose headers   server: 'cloudflare',
20 verbose headers   'content-encoding': 'gzip' }
21 silly get cb [ 200,
21 silly get   { date: 'Sat, 27 Apr 2019 16:43:17 GMT',
21 silly get     'content-type': 'application/json',
21 silly get     'transfer-encoding': 'chunked',
21 silly get     connection: 'keep-alive',
21 silly get     'set-cookie': [ '__cfduid=d8ccb754708e966fa687db41d67473dc41556383397; expires=Sun, 26-Apr-20 16:43:17 GMT; path=/; domain=.registry.npmjs.org; HttpOnly' ],
21 silly get     'cf-cache-status': 'HIT',
21 silly get     'cache-control': 'max-age=300',
21 silly get     'cf-ray': '4ce2412b6fdfcdbd-CDG',
21 silly get     etag: 'W/"f9a39a436e0bd7b6c1097cb47e09ff2e"',
21 silly get     'expect-ct': 'max-age=604800, report-uri="https://report-uri.cloudflare.com/cdn-cgi/beacon/expect-ct"',
21 silly get     'last-modified': 'Fri, 22 Mar 2019 12:47:10 GMT',
21 silly get     vary: 'accept-encoding, accept',
21 silly get     'x-amz-meta-rev': '2039-9b587745472c1d6d97ba88d8b6a963df',
21 silly get     server: 'cloudflare',
21 silly get     'content-encoding': 'gzip' } ]
22 verbose get saving npm to C:\Users\NOYZ\AppData\Roaming\npm-cache\registry.npmjs.org\npm\.cache.json
23 verbose correctMkdir C:\Users\NOYZ\AppData\Roaming\npm-cache correctMkdir not in flight; initializing
24 silly fetchPackageMetaData Error: No compatible version found: npm@lastest
24 silly fetchPackageMetaData Valid install targets:
24 silly fetchPackageMetaData 6.9.1-next.0, 6.9.0, 6.9.0-next.0, 6.8.0, 6.8.0-next.2, 6.8.0-next.1, 6.8.0-next.0, 6.7.0, 6.6.0, 6.6.0-next.1, 6.6.0-next.0, 6.5.0, 6.5.0-next.0, 6.4.1, 6.4.1-next.0, 6.4.0, 6.4.0-next.0, 6.3.0, 6.3.0-next.0, 6.2.0, 6.2.0-next.1, 6.2.0-next.0, 6.1.0, 6.1.0-next.0, 6.0.1, 6.0.1-next.0, 6.0.0, 6.0.0-next.2, 6.0.0-next.1, 6.0.0-next.0, 5.10.0, 5.10.0-next.1, 5.10.0-next.0, 5.9.0-next.0, 5.8.0, 5.8.0-next.0, 5.7.1, 5.7.0, 5.6.0, 5.5.1, 5.5.0, 5.4.2, 5.4.1, 5.4.0, 5.3.0, 5.2.0, 5.1.0, 5.0.4, 5.0.3, 5.0.2, 5.0.1, 5.0.0, 4.6.1, 4.6.0, 4.5.0, 4.4.4, 4.4.3, 4.4.2, 4.4.1, 4.4.0, 4.3.0, 4.2.0, 4.1.2, 4.1.1, 4.1.0, 4.0.5, 4.0.3, 4.0.2, 4.0.1, 4.0.0, 3.10.10, 3.10.9, 3.10.8, 3.10.7, 3.10.6, 3.10.5, 3.10.4, 3.10.3, 3.10.2, 3.10.1, 3.10.0, 3.9.6, 3.9.5, 3.9.4, 3.9.3, 3.9.2, 3.9.1, 3.9.0, 3.8.9, 3.8.8, 3.8.7, 3.8.6, 3.8.5, 3.8.4, 3.8.3, 3.8.2, 3.8.1, 3.8.0, 3.7.5, 3.7.4, 3.7.3, 3.7.2, 3.7.1, 3.7.0, 3.6.0, 3.5.4, 3.5.3, 3.5.2, 3.5.1, 3.5.0, 3.4.1, 3.4.0, 3.3.12, 3.3.11, 3.3.10, 3.3.9, 3.3.8, 3.3.7, 3.3.6, 3.3.5, 3.3.4, 3.3.3, 3.3.2, 3.3.1, 3.3.0, 3.2.2, 3.2.1, 3.2.0, 3.1.3, 3.1.2, 3.1.1, 3.1.0, 3.0.0, 2.15.12, 2.15.11, 2.15.10, 2.15.9, 2.15.8, 2.15.7, 2.15.6, 2.15.5, 2.15.4, 2.15.3, 2.15.2, 2.15.1, 2.15.0, 2.14.22, 2.14.21, 2.14.20, 2.14.19, 2.14.18, 2.14.17, 2.14.16, 2.14.15, 2.14.14, 2.14.13, 2.14.12, 2.14.11, 2.14.10, 2.14.9, 2.14.8, 2.14.7, 2.14.6, 2.14.5, 2.14.4, 2.14.3, 2.14.2, 2.14.1, 2.14.0, 2.13.5, 2.13.4, 2.13.3, 2.13.2, 2.13.1, 2.13.0, 2.12.1, 2.12.0, 2.11.3, 2.11.2, 2.11.1, 2.11.0, 2.10.1, 2.10.0, 2.9.1, 2.9.0, 2.8.4, 2.8.3, 2.8.2, 2.8.1, 2.8.0, 2.7.6, 2.7.5, 2.7.4, 2.7.3, 2.7.2, 2.7.1, 2.7.0, 2.6.1, 2.6.0, 2.5.1, 2.5.0, 2.4.1, 2.4.0, 2.3.0, 2.2.0, 2.1.18, 2.1.17, 2.1.16, 2.1.15, 2.1.14, 2.1.13, 2.1.12, 2.1.11, 2.1.10, 2.1.9, 2.1.8, 2.1.7, 2.1.6, 2.1.5, 2.1.4, 2.1.3, 2.1.2, 2.1.1, 2.1.0, 2.0.2, 2.0.1, 2.0.0, 2.0.0-beta.3, 2.0.0-beta.2, 2.0.0-beta.1, 2.0.0-beta.0, 2.0.0-alpha-5, 2.0.0-alpha.7, 2.0.0-alpha.6.0, 2.0.0-alpha.6, 1.5.0-alpha-4, 1.5.0-alpha-3, 1.5.0-alpha-2, 1.5.0-alpha-1, 1.5.0-alpha-0, 1.4.29, 1.4.28, 1.4.27, 1.4.26, 1.4.25, 1.4.24, 1.4.23, 1.4.22, 1.4.21, 1.4.20, 1.4.19, 1.4.18, 1.4.17, 1.4.16, 1.4.15, 1.4.14, 1.4.13, 1.4.12, 1.4.11, 1.4.10, 1.4.9, 1.4.8, 1.4.7, 1.4.6, 1.4.5, 1.4.4, 1.4.3, 1.4.2, 1.4.1, 1.4.0, 1.3.26, 1.3.25, 1.3.24, 1.3.23, 1.3.22, 1.3.21, 1.3.20, 1.3.18, 1.3.17, 1.3.16, 1.3.15, 1.3.14, 1.3.13, 1.3.12, 1.3.11, 1.3.10, 1.3.9, 1.3.8, 1.3.7, 1.3.6, 1.3.5, 1.3.4, 1.3.2, 1.3.1, 1.3.0, 1.2.8000, 1.2.32, 1.2.31, 1.2.30, 1.2.28, 1.2.27, 1.2.25, 1.2.24, 1.2.23, 1.2.22, 1.2.21, 1.2.20, 1.2.19, 1.1.71, 1.1.70, 1.1.25
24 silly fetchPackageMetaData
24 silly fetchPackageMetaData     at pickVersionFromRegistryDocument (C:\Program Files\nodejs\node_modules\npm\lib\fetch-package-metadata.js:178:16)
24 silly fetchPackageMetaData     at C:\Program Files\nodejs\node_modules\npm\node_modules\iferr\index.js:13:50
24 silly fetchPackageMetaData     at C:\Program Files\nodejs\node_modules\npm\lib\utils\pulse-till-done.js:20:8
24 silly fetchPackageMetaData     at saved (C:\Program Files\nodejs\node_modules\npm\lib\cache\caching-client.js:174:7)
24 silly fetchPackageMetaData     at C:\Program Files\nodejs\node_modules\npm\node_modules\graceful-fs\polyfills.js:241:18
24 silly fetchPackageMetaData     at FSReqWrap.oncomplete (fs.js:123:15)
24 silly fetchPackageMetaData  error for npm@lastest { Error: No compatible version found: npm@lastest
24 silly fetchPackageMetaData Valid install targets:
24 silly fetchPackageMetaData 6.9.1-next.0, 6.9.0, 6.9.0-next.0, 6.8.0, 6.8.0-next.2, 6.8.0-next.1, 6.8.0-next.0, 6.7.0, 6.6.0, 6.6.0-next.1, 6.6.0-next.0, 6.5.0, 6.5.0-next.0, 6.4.1, 6.4.1-next.0, 6.4.0, 6.4.0-next.0, 6.3.0, 6.3.0-next.0, 6.2.0, 6.2.0-next.1, 6.2.0-next.0, 6.1.0, 6.1.0-next.0, 6.0.1, 6.0.1-next.0, 6.0.0, 6.0.0-next.2, 6.0.0-next.1, 6.0.0-next.0, 5.10.0, 5.10.0-next.1, 5.10.0-next.0, 5.9.0-next.0, 5.8.0, 5.8.0-next.0, 5.7.1, 5.7.0, 5.6.0, 5.5.1, 5.5.0, 5.4.2, 5.4.1, 5.4.0, 5.3.0, 5.2.0, 5.1.0, 5.0.4, 5.0.3, 5.0.2, 5.0.1, 5.0.0, 4.6.1, 4.6.0, 4.5.0, 4.4.4, 4.4.3, 4.4.2, 4.4.1, 4.4.0, 4.3.0, 4.2.0, 4.1.2, 4.1.1, 4.1.0, 4.0.5, 4.0.3, 4.0.2, 4.0.1, 4.0.0, 3.10.10, 3.10.9, 3.10.8, 3.10.7, 3.10.6, 3.10.5, 3.10.4, 3.10.3, 3.10.2, 3.10.1, 3.10.0, 3.9.6, 3.9.5, 3.9.4, 3.9.3, 3.9.2, 3.9.1, 3.9.0, 3.8.9, 3.8.8, 3.8.7, 3.8.6, 3.8.5, 3.8.4, 3.8.3, 3.8.2, 3.8.1, 3.8.0, 3.7.5, 3.7.4, 3.7.3, 3.7.2, 3.7.1, 3.7.0, 3.6.0, 3.5.4, 3.5.3, 3.5.2, 3.5.1, 3.5.0, 3.4.1, 3.4.0, 3.3.12, 3.3.11, 3.3.10, 3.3.9, 3.3.8, 3.3.7, 3.3.6, 3.3.5, 3.3.4, 3.3.3, 3.3.2, 3.3.1, 3.3.0, 3.2.2, 3.2.1, 3.2.0, 3.1.3, 3.1.2, 3.1.1, 3.1.0, 3.0.0, 2.15.12, 2.15.11, 2.15.10, 2.15.9, 2.15.8, 2.15.7, 2.15.6, 2.15.5, 2.15.4, 2.15.3, 2.15.2, 2.15.1, 2.15.0, 2.14.22, 2.14.21, 2.14.20, 2.14.19, 2.14.18, 2.14.17, 2.14.16, 2.14.15, 2.14.14, 2.14.13, 2.14.12, 2.14.11, 2.14.10, 2.14.9, 2.14.8, 2.14.7, 2.14.6, 2.14.5, 2.14.4, 2.14.3, 2.14.2, 2.14.1, 2.14.0, 2.13.5, 2.13.4, 2.13.3, 2.13.2, 2.13.1, 2.13.0, 2.12.1, 2.12.0, 2.11.3, 2.11.2, 2.11.1, 2.11.0, 2.10.1, 2.10.0, 2.9.1, 2.9.0, 2.8.4, 2.8.3, 2.8.2, 2.8.1, 2.8.0, 2.7.6, 2.7.5, 2.7.4, 2.7.3, 2.7.2, 2.7.1, 2.7.0, 2.6.1, 2.6.0, 2.5.1, 2.5.0, 2.4.1, 2.4.0, 2.3.0, 2.2.0, 2.1.18, 2.1.17, 2.1.16, 2.1.15, 2.1.14, 2.1.13, 2.1.12, 2.1.11, 2.1.10, 2.1.9, 2.1.8, 2.1.7, 2.1.6, 2.1.5, 2.1.4, 2.1.3, 2.1.2, 2.1.1, 2.1.0, 2.0.2, 2.0.1, 2.0.0, 2.0.0-beta.3, 2.0.0-beta.2, 2.0.0-beta.1, 2.0.0-beta.0, 2.0.0-alpha-5, 2.0.0-alpha.7, 2.0.0-alpha.6.0, 2.0.0-alpha.6, 1.5.0-alpha-4, 1.5.0-alpha-3, 1.5.0-alpha-2, 1.5.0-alpha-1, 1.5.0-alpha-0, 1.4.29, 1.4.28, 1.4.27, 1.4.26, 1.4.25, 1.4.24, 1.4.23, 1.4.22, 1.4.21, 1.4.20, 1.4.19, 1.4.18, 1.4.17, 1.4.16, 1.4.15, 1.4.14, 1.4.13, 1.4.12, 1.4.11, 1.4.10, 1.4.9, 1.4.8, 1.4.7, 1.4.6, 1.4.5, 1.4.4, 1.4.3, 1.4.2, 1.4.1, 1.4.0, 1.3.26, 1.3.25, 1.3.24, 1.3.23, 1.3.22, 1.3.21, 1.3.20, 1.3.18, 1.3.17, 1.3.16, 1.3.15, 1.3.14, 1.3.13, 1.3.12, 1.3.11, 1.3.10, 1.3.9, 1.3.8, 1.3.7, 1.3.6, 1.3.5, 1.3.4, 1.3.2, 1.3.1, 1.3.0, 1.2.8000, 1.2.32, 1.2.31, 1.2.30, 1.2.28, 1.2.27, 1.2.25, 1.2.24, 1.2.23, 1.2.22, 1.2.21, 1.2.20, 1.2.19, 1.1.71, 1.1.70, 1.1.25
24 silly fetchPackageMetaData
24 silly fetchPackageMetaData     at pickVersionFromRegistryDocument (C:\Program Files\nodejs\node_modules\npm\lib\fetch-package-metadata.js:178:16)
24 silly fetchPackageMetaData     at C:\Program Files\nodejs\node_modules\npm\node_modules\iferr\index.js:13:50
24 silly fetchPackageMetaData     at C:\Program Files\nodejs\node_modules\npm\lib\utils\pulse-till-done.js:20:8
24 silly fetchPackageMetaData     at saved (C:\Program Files\nodejs\node_modules\npm\lib\cache\caching-client.js:174:7)
24 silly fetchPackageMetaData     at C:\Program Files\nodejs\node_modules\npm\node_modules\graceful-fs\polyfills.js:241:18
24 silly fetchPackageMetaData     at FSReqWrap.oncomplete (fs.js:123:15) code: 'ETARGET' }
25 silly rollbackFailedOptional Starting
26 silly rollbackFailedOptional Finishing
27 silly runTopLevelLifecycles Finishing
28 silly install printInstalled
29 verbose stack Error: No compatible version found: npm@lastest
29 verbose stack Valid install targets:
29 verbose stack 6.9.1-next.0, 6.9.0, 6.9.0-next.0, 6.8.0, 6.8.0-next.2, 6.8.0-next.1, 6.8.0-next.0, 6.7.0, 6.6.0, 6.6.0-next.1, 6.6.0-next.0, 6.5.0, 6.5.0-next.0, 6.4.1, 6.4.1-next.0, 6.4.0, 6.4.0-next.0, 6.3.0, 6.3.0-next.0, 6.2.0, 6.2.0-next.1, 6.2.0-next.0, 6.1.0, 6.1.0-next.0, 6.0.1, 6.0.1-next.0, 6.0.0, 6.0.0-next.2, 6.0.0-next.1, 6.0.0-next.0, 5.10.0, 5.10.0-next.1, 5.10.0-next.0, 5.9.0-next.0, 5.8.0, 5.8.0-next.0, 5.7.1, 5.7.0, 5.6.0, 5.5.1, 5.5.0, 5.4.2, 5.4.1, 5.4.0, 5.3.0, 5.2.0, 5.1.0, 5.0.4, 5.0.3, 5.0.2, 5.0.1, 5.0.0, 4.6.1, 4.6.0, 4.5.0, 4.4.4, 4.4.3, 4.4.2, 4.4.1, 4.4.0, 4.3.0, 4.2.0, 4.1.2, 4.1.1, 4.1.0, 4.0.5, 4.0.3, 4.0.2, 4.0.1, 4.0.0, 3.10.10, 3.10.9, 3.10.8, 3.10.7, 3.10.6, 3.10.5, 3.10.4, 3.10.3, 3.10.2, 3.10.1, 3.10.0, 3.9.6, 3.9.5, 3.9.4, 3.9.3, 3.9.2, 3.9.1, 3.9.0, 3.8.9, 3.8.8, 3.8.7, 3.8.6, 3.8.5, 3.8.4, 3.8.3, 3.8.2, 3.8.1, 3.8.0, 3.7.5, 3.7.4, 3.7.3, 3.7.2, 3.7.1, 3.7.0, 3.6.0, 3.5.4, 3.5.3, 3.5.2, 3.5.1, 3.5.0, 3.4.1, 3.4.0, 3.3.12, 3.3.11, 3.3.10, 3.3.9, 3.3.8, 3.3.7, 3.3.6, 3.3.5, 3.3.4, 3.3.3, 3.3.2, 3.3.1, 3.3.0, 3.2.2, 3.2.1, 3.2.0, 3.1.3, 3.1.2, 3.1.1, 3.1.0, 3.0.0, 2.15.12, 2.15.11, 2.15.10, 2.15.9, 2.15.8, 2.15.7, 2.15.6, 2.15.5, 2.15.4, 2.15.3, 2.15.2, 2.15.1, 2.15.0, 2.14.22, 2.14.21, 2.14.20, 2.14.19, 2.14.18, 2.14.17, 2.14.16, 2.14.15, 2.14.14, 2.14.13, 2.14.12, 2.14.11, 2.14.10, 2.14.9, 2.14.8, 2.14.7, 2.14.6, 2.14.5, 2.14.4, 2.14.3, 2.14.2, 2.14.1, 2.14.0, 2.13.5, 2.13.4, 2.13.3, 2.13.2, 2.13.1, 2.13.0, 2.12.1, 2.12.0, 2.11.3, 2.11.2, 2.11.1, 2.11.0, 2.10.1, 2.10.0, 2.9.1, 2.9.0, 2.8.4, 2.8.3, 2.8.2, 2.8.1, 2.8.0, 2.7.6, 2.7.5, 2.7.4, 2.7.3, 2.7.2, 2.7.1, 2.7.0, 2.6.1, 2.6.0, 2.5.1, 2.5.0, 2.4.1, 2.4.0, 2.3.0, 2.2.0, 2.1.18, 2.1.17, 2.1.16, 2.1.15, 2.1.14, 2.1.13, 2.1.12, 2.1.11, 2.1.10, 2.1.9, 2.1.8, 2.1.7, 2.1.6, 2.1.5, 2.1.4, 2.1.3, 2.1.2, 2.1.1, 2.1.0, 2.0.2, 2.0.1, 2.0.0, 2.0.0-beta.3, 2.0.0-beta.2, 2.0.0-beta.1, 2.0.0-beta.0, 2.0.0-alpha-5, 2.0.0-alpha.7, 2.0.0-alpha.6.0, 2.0.0-alpha.6, 1.5.0-alpha-4, 1.5.0-alpha-3, 1.5.0-alpha-2, 1.5.0-alpha-1, 1.5.0-alpha-0, 1.4.29, 1.4.28, 1.4.27, 1.4.26, 1.4.25, 1.4.24, 1.4.23, 1.4.22, 1.4.21, 1.4.20, 1.4.19, 1.4.18, 1.4.17, 1.4.16, 1.4.15, 1.4.14, 1.4.13, 1.4.12, 1.4.11, 1.4.10, 1.4.9, 1.4.8, 1.4.7, 1.4.6, 1.4.5, 1.4.4, 1.4.3, 1.4.2, 1.4.1, 1.4.0, 1.3.26, 1.3.25, 1.3.24, 1.3.23, 1.3.22, 1.3.21, 1.3.20, 1.3.18, 1.3.17, 1.3.16, 1.3.15, 1.3.14, 1.3.13, 1.3.12, 1.3.11, 1.3.10, 1.3.9, 1.3.8, 1.3.7, 1.3.6, 1.3.5, 1.3.4, 1.3.2, 1.3.1, 1.3.0, 1.2.8000, 1.2.32, 1.2.31, 1.2.30, 1.2.28, 1.2.27, 1.2.25, 1.2.24, 1.2.23, 1.2.22, 1.2.21, 1.2.20, 1.2.19, 1.1.71, 1.1.70, 1.1.25
29 verbose stack
29 verbose stack     at pickVersionFromRegistryDocument (C:\Program Files\nodejs\node_modules\npm\lib\fetch-package-metadata.js:178:16)
29 verbose stack     at C:\Program Files\nodejs\node_modules\npm\node_modules\iferr\index.js:13:50
29 verbose stack     at C:\Program Files\nodejs\node_modules\npm\lib\utils\pulse-till-done.js:20:8
29 verbose stack     at saved (C:\Program Files\nodejs\node_modules\npm\lib\cache\caching-client.js:174:7)
29 verbose stack     at C:\Program Files\nodejs\node_modules\npm\node_modules\graceful-fs\polyfills.js:241:18
29 verbose stack     at FSReqWrap.oncomplete (fs.js:123:15)
30 verbose cwd C:\Users\NOYZ\Desktop\HTML\projet_miku
31 error Windows_NT 6.1.7601
32 error argv "C:\\Program Files\\nodejs\\node.exe" "C:\\Program Files\\nodejs\\node_modules\\npm\\bin\\npm-cli.js" "install" "npm@lastest" "-g"
33 error node v6.11.4
34 error npm  v3.10.10
35 error code ETARGET
36 error notarget No compatible version found: npm@lastest
36 error notarget Valid install targets:
36 error notarget 6.9.1-next.0, 6.9.0, 6.9.0-next.0, 6.8.0, 6.8.0-next.2, 6.8.0-next.1, 6.8.0-next.0, 6.7.0, 6.6.0, 6.6.0-next.1, 6.6.0-next.0, 6.5.0, 6.5.0-next.0, 6.4.1, 6.4.1-next.0, 6.4.0, 6.4.0-next.0, 6.3.0, 6.3.0-next.0, 6.2.0, 6.2.0-next.1, 6.2.0-next.0, 6.1.0, 6.1.0-next.0, 6.0.1, 6.0.1-next.0, 6.0.0, 6.0.0-next.2, 6.0.0-next.1, 6.0.0-next.0, 5.10.0, 5.10.0-next.1, 5.10.0-next.0, 5.9.0-next.0, 5.8.0, 5.8.0-next.0, 5.7.1, 5.7.0, 5.6.0, 5.5.1, 5.5.0, 5.4.2, 5.4.1, 5.4.0, 5.3.0, 5.2.0, 5.1.0, 5.0.4, 5.0.3, 5.0.2, 5.0.1, 5.0.0, 4.6.1, 4.6.0, 4.5.0, 4.4.4, 4.4.3, 4.4.2, 4.4.1, 4.4.0, 4.3.0, 4.2.0, 4.1.2, 4.1.1, 4.1.0, 4.0.5, 4.0.3, 4.0.2, 4.0.1, 4.0.0, 3.10.10, 3.10.9, 3.10.8, 3.10.7, 3.10.6, 3.10.5, 3.10.4, 3.10.3, 3.10.2, 3.10.1, 3.10.0, 3.9.6, 3.9.5, 3.9.4, 3.9.3, 3.9.2, 3.9.1, 3.9.0, 3.8.9, 3.8.8, 3.8.7, 3.8.6, 3.8.5, 3.8.4, 3.8.3, 3.8.2, 3.8.1, 3.8.0, 3.7.5, 3.7.4, 3.7.3, 3.7.2, 3.7.1, 3.7.0, 3.6.0, 3.5.4, 3.5.3, 3.5.2, 3.5.1, 3.5.0, 3.4.1, 3.4.0, 3.3.12, 3.3.11, 3.3.10, 3.3.9, 3.3.8, 3.3.7, 3.3.6, 3.3.5, 3.3.4, 3.3.3, 3.3.2, 3.3.1, 3.3.0, 3.2.2, 3.2.1, 3.2.0, 3.1.3, 3.1.2, 3.1.1, 3.1.0, 3.0.0, 2.15.12, 2.15.11, 2.15.10, 2.15.9, 2.15.8, 2.15.7, 2.15.6, 2.15.5, 2.15.4, 2.15.3, 2.15.2, 2.15.1, 2.15.0, 2.14.22, 2.14.21, 2.14.20, 2.14.19, 2.14.18, 2.14.17, 2.14.16, 2.14.15, 2.14.14, 2.14.13, 2.14.12, 2.14.11, 2.14.10, 2.14.9, 2.14.8, 2.14.7, 2.14.6, 2.14.5, 2.14.4, 2.14.3, 2.14.2, 2.14.1, 2.14.0, 2.13.5, 2.13.4, 2.13.3, 2.13.2, 2.13.1, 2.13.0, 2.12.1, 2.12.0, 2.11.3, 2.11.2, 2.11.1, 2.11.0, 2.10.1, 2.10.0, 2.9.1, 2.9.0, 2.8.4, 2.8.3, 2.8.2, 2.8.1, 2.8.0, 2.7.6, 2.7.5, 2.7.4, 2.7.3, 2.7.2, 2.7.1, 2.7.0, 2.6.1, 2.6.0, 2.5.1, 2.5.0, 2.4.1, 2.4.0, 2.3.0, 2.2.0, 2.1.18, 2.1.17, 2.1.16, 2.1.15, 2.1.14, 2.1.13, 2.1.12, 2.1.11, 2.1.10, 2.1.9, 2.1.8, 2.1.7, 2.1.6, 2.1.5, 2.1.4, 2.1.3, 2.1.2, 2.1.1, 2.1.0, 2.0.2, 2.0.1, 2.0.0, 2.0.0-beta.3, 2.0.0-beta.2, 2.0.0-beta.1, 2.0.0-beta.0, 2.0.0-alpha-5, 2.0.0-alpha.7, 2.0.0-alpha.6.0, 2.0.0-alpha.6, 1.5.0-alpha-4, 1.5.0-alpha-3, 1.5.0-alpha-2, 1.5.0-alpha-1, 1.5.0-alpha-0, 1.4.29, 1.4.28, 1.4.27, 1.4.26, 1.4.25, 1.4.24, 1.4.23, 1.4.22, 1.4.21, 1.4.20, 1.4.19, 1.4.18, 1.4.17, 1.4.16, 1.4.15, 1.4.14, 1.4.13, 1.4.12, 1.4.11, 1.4.10, 1.4.9, 1.4.8, 1.4.7, 1.4.6, 1.4.5, 1.4.4, 1.4.3, 1.4.2, 1.4.1, 1.4.0, 1.3.26, 1.3.25, 1.3.24, 1.3.23, 1.3.22, 1.3.21, 1.3.20, 1.3.18, 1.3.17, 1.3.16, 1.3.15, 1.3.14, 1.3.13, 1.3.12, 1.3.11, 1.3.10, 1.3.9, 1.3.8, 1.3.7, 1.3.6, 1.3.5, 1.3.4, 1.3.2, 1.3.1, 1.3.0, 1.2.8000, 1.2.32, 1.2.31, 1.2.30, 1.2.28, 1.2.27, 1.2.25, 1.2.24, 1.2.23, 1.2.22, 1.2.21, 1.2.20, 1.2.19, 1.1.71, 1.1.70, 1.1.25
37 error notarget This is most likely not a problem with npm itself.
37 error notarget In most cases you or one of your dependencies are requesting
37 error notarget a package version that doesn't exist.
38 verbose exit [ 1, true ]
